<?xml version="1.0" encoding="UTF-8" ?>
<testsuite failures="0" time="2.644" errors="0" skipped="0" tests="8" name="InjectedTest">
  <properties>
    <property name="java.runtime.name" value="Java(TM) SE Runtime Environment"/>
    <property name="sun.boot.library.path" value="C:\Program Files\Java\jdk1.6.0_10\jre\bin"/>
    <property name="java.vm.version" value="11.0-b15"/>
    <property name="java.vm.vendor" value="Sun Microsystems Inc."/>
    <property name="java.vendor.url" value="http://java.sun.com/"/>
    <property name="path.separator" value=";"/>
    <property name="guice.disable.misplaced.annotation.check" value="true"/>
    <property name="java.vm.name" value="Java HotSpot(TM) Client VM"/>
    <property name="file.encoding.pkg" value="sun.io"/>
    <property name="user.country" value="US"/>
    <property name="sun.java.launcher" value="SUN_STANDARD"/>
    <property name="sun.os.patch.level" value="Service Pack 2"/>
    <property name="java.vm.specification.name" value="Java Virtual Machine Specification"/>
    <property name="user.dir" value="C:\Users\eyehwan\Jdepend"/>
    <property name="java.runtime.version" value="1.6.0_10-rc2-b32"/>
    <property name="java.awt.graphicsenv" value="sun.awt.Win32GraphicsEnvironment"/>
    <property name="java.endorsed.dirs" value="C:\Program Files\Java\jdk1.6.0_10\jre\lib\endorsed"/>
    <property name="os.arch" value="x86"/>
    <property name="java.io.tmpdir" value="C:\Users\eyehwan\AppData\Local\Temp\"/>
    <property name="line.separator" value="
"/>
    <property name="java.vm.specification.vendor" value="Sun Microsystems Inc."/>
    <property name="user.variant" value=""/>
    <property name="os.name" value="Windows Vista"/>
    <property name="classworlds.conf" value="C:\Users\eyehwan\workspace\.metadata\.plugins\org.eclipse.m2e.core\launches\m2conf27089.tmp"/>
    <property name="sun.jnu.encoding" value="GBK"/>
    <property name="java.library.path" value="C:\Program Files\Java\jdk1.6.0_10\jre\bin;.;C:\Windows\Sun\Java\bin;C:\Windows\system32;C:\Windows;C:\Program Files\Java\jdk1.6.0_10\bin;C:\Program Files\PC Connectivity Solution\;C:\Windows\system32;C:\Windows;C:\Windows\System32\Wbem;C:\Program Files\Citrix\system32\;C:\Users\eyehwan\apache-maven-3.0.4\bin;C:\Users\eyehwan\apache-ant-1.8.3\bin;;C:\Program Files\IDM Computer Solutions\UltraEdit-32"/>
    <property name="java.specification.name" value="Java Platform API Specification"/>
    <property name="java.class.version" value="50.0"/>
    <property name="sun.management.compiler" value="HotSpot Client Compiler"/>
    <property name="os.version" value="6.0"/>
    <property name="user.home" value="C:\Users\eyehwan"/>
    <property name="user.timezone" value="Europe/Berlin"/>
    <property name="java.awt.printerjob" value="sun.awt.windows.WPrinterJob"/>
    <property name="file.encoding" value="Cp1252"/>
    <property name="java.specification.version" value="1.6"/>
    <property name="user.name" value="eyehwan"/>
    <property name="java.class.path" value="/C:/Users/eyehwan/Desktop/Sweden/eclipse/plugins/org.eclipse.m2e.maven.runtime_1.0.100.20110804-1717/jars/plexus-classworlds-2.4.jar"/>
    <property name="java.vm.specification.version" value="1.0"/>
    <property name="sun.arch.data.model" value="32"/>
    <property name="java.home" value="C:\Program Files\Java\jdk1.6.0_10\jre"/>
    <property name="java.specification.vendor" value="Sun Microsystems Inc."/>
    <property name="user.language" value="en"/>
    <property name="awt.toolkit" value="sun.awt.windows.WToolkit"/>
    <property name="java.vm.info" value="mixed mode, sharing"/>
    <property name="java.version" value="1.6.0_10-rc2"/>
    <property name="java.ext.dirs" value="C:\Program Files\Java\jdk1.6.0_10\jre\lib\ext;C:\Windows\Sun\Java\lib\ext"/>
    <property name="sun.boot.class.path" value="C:\Program Files\Java\jdk1.6.0_10\jre\lib\resources.jar;C:\Program Files\Java\jdk1.6.0_10\jre\lib\rt.jar;C:\Program Files\Java\jdk1.6.0_10\jre\lib\sunrsasign.jar;C:\Program Files\Java\jdk1.6.0_10\jre\lib\jsse.jar;C:\Program Files\Java\jdk1.6.0_10\jre\lib\jce.jar;C:\Program Files\Java\jdk1.6.0_10\jre\lib\charsets.jar;C:\Program Files\Java\jdk1.6.0_10\jre\classes"/>
    <property name="java.vendor" value="Sun Microsystems Inc."/>
    <property name="maven.home" value="C:\Users\eyehwan\Jdepend\EMBEDDED"/>
    <property name="file.separator" value="\"/>
    <property name="java.vendor.url.bug" value="http://java.sun.com/cgi-bin/bugreport.cgi"/>
    <property name="sun.cpu.endian" value="little"/>
    <property name="sun.io.unicode.encoding" value="UnicodeLittle"/>
    <property name="sun.desktop" value="windows"/>
    <property name="sun.cpu.isalist" value="pentium_pro+mmx pentium_pro pentium+mmx pentium i486 i386 i86"/>
  </properties>
  <testcase time="1.291" classname="org.jvnet.hudson.test.JellyTestSuiteBuilder$JellyCheck" name="\/C:\/Users\/eyehwan\/Jdepend\/target\/classes\/hudson\/plugins\/jdepend\/JDependBuildAction\/index.jelly"/>
  <testcase time="0.044" classname="org.jvnet.hudson.test.JellyTestSuiteBuilder$JellyCheck" name="\/C:\/Users\/eyehwan\/Jdepend\/target\/classes\/hudson\/plugins\/jdepend\/JDependProjectAction\/index.jelly"/>
  <testcase time="0.672" classname="org.jvnet.hudson.test.JellyTestSuiteBuilder$JellyCheck" name="\/C:\/Users\/eyehwan\/Jdepend\/target\/classes\/hudson\/plugins\/jdepend\/JDependRecorder\/config.jelly"/>
  <testcase time="0.081" classname="org.jvnet.hudson.test.JellyTestSuiteBuilder$JellyCheck" name="\/C:\/Users\/eyehwan\/Jdepend\/target\/classes\/hudson\/plugins\/jdepend\/portlet\/JdependPortlet\/config.jelly"/>
  <testcase time="0.512" classname="org.jvnet.hudson.test.JellyTestSuiteBuilder$JellyCheck" name="\/C:\/Users\/eyehwan\/Jdepend\/target\/classes\/hudson\/plugins\/jdepend\/portlet\/JdependPortlet\/Jdepend.jelly"/>
  <testcase time="0.044" classname="org.jvnet.hudson.test.JellyTestSuiteBuilder$JellyCheck" name="\/C:\/Users\/eyehwan\/Jdepend\/target\/classes\/hudson\/plugins\/jdepend\/portlet\/JdependPortlet\/portlet.jelly"/>
  <testcase time="0" classname="org.jvnet.hudson.test.JellyTestSuiteBuilder$JellyCheck" name="\/C:\/Users\/eyehwan\/Jdepend\/target\/classes\/index.jelly"/>
  <testcase time="0" classname="org.jvnet.hudson.test.junit.FailedTest" name="org.jvnet.hudson.test.JellyTestSuiteBuilder$JellyTestSuite"/>
</testsuite>